<FindBugsSummary timestamp="Wed, 23 May 2012 01:30:31 -0400"
total_classes="9948" referenced_classes="12475" total_bugs="9455" total_size="795873"
num_packages="770" vm_version="11.3-b02" cpu_seconds="657.93" clock_seconds="520.31"
peak_mbytes="3733.32" alloc_mbytes="2734.25" gc_seconds="41.05" priority_3="6817"
priority_2="2473" priority_1="165">

95504 totalMilliseconds classfile.engine.ClassDataAnalysisEngine invocations 56588 avgMicrosecondsPerInvocation 1687 maxMicrosecondsPerInvocation 97872 standardDeviationMircosecondsPerInvocation 4071
32573 totalMilliseconds ba.npe.NullDerefAndRedundantComparisonFinder invocations 108640 avgMicrosecondsPerInvocation 299 maxMicrosecondsPerInvocation 1835770 standardDeviationMircosecondsPerInvocation 5777
30165 totalMilliseconds classfile.engine.bcel.UnconditionalValueDerefDataflowFactory invocations 108992 avgMicrosecondsPerInvocation 276 maxMicrosecondsPerInvocation 122159 standardDeviationMircosecondsPerInvocation 1778
28089 totalMilliseconds classfile.engine.bcel.TypeDataflowFactory invocations 117220 avgMicrosecondsPerInvocation 239 maxMicrosecondsPerInvocation 1710428 standardDeviationMircosecondsPerInvocation 5158
26747 totalMilliseconds classfile.engine.bcel.IsNullValueDataflowFactory invocations 109191 avgMicrosecondsPerInvocation 244 maxMicrosecondsPerInvocation 107506 standardDeviationMircosecondsPerInvocation 1559
25991 totalMilliseconds classfile.engine.bcel.ValueNumberDataflowFactory invocations 120706 avgMicrosecondsPerInvocation 215 maxMicrosecondsPerInvocation 118546 standardDeviationMircosecondsPerInvocation 1534
16677 totalMilliseconds detect.FindRefComparison$SpecialTypeAnalysis invocations 49954 avgMicrosecondsPerInvocation 333 maxMicrosecondsPerInvocation 1745422 standardDeviationMircosecondsPerInvocation 7964
15185 totalMilliseconds builder.FindBugs2Eclipse invocations 2 avgMicrosecondsPerInvocation 7592926 maxMicrosecondsPerInvocation 9021103 standardDeviationMircosecondsPerInvocation 1428174
10932 totalMilliseconds classfile.engine.bcel.CFGFactory invocations 109191 avgMicrosecondsPerInvocation 100 maxMicrosecondsPerInvocation 95738 standardDeviationMircosecondsPerInvocation 807
9227 totalMilliseconds OpcodeStack$JumpInfoFactory invocations 118961 avgMicrosecondsPerInvocation 77 maxMicrosecondsPerInvocation 1983088 standardDeviationMircosecondsPerInvocation 5779
7233 totalMilliseconds classfile.engine.bcel.ConstantDataflowFactory invocations 109191 avgMicrosecondsPerInvocation 66 maxMicrosecondsPerInvocation 76076 standardDeviationMircosecondsPerInvocation 568
6150 totalMilliseconds detect.DefaultEncodingDetector invocations 9948 avgMicrosecondsPerInvocation 618 maxMicrosecondsPerInvocation 82955 standardDeviationMircosecondsPerInvocation 2308
5906 totalMilliseconds detect.RuntimeExceptionCapture invocations 9948 avgMicrosecondsPerInvocation 593 maxMicrosecondsPerInvocation 1880633 standardDeviationMircosecondsPerInvocation 18943
5305 totalMilliseconds detect.LoadOfKnownNullValue invocations 9844 avgMicrosecondsPerInvocation 538 maxMicrosecondsPerInvocation 81752 standardDeviationMircosecondsPerInvocation 2503
4883 totalMilliseconds detect.LostLoggerDueToWeakReference invocations 9948 avgMicrosecondsPerInvocation 490 maxMicrosecondsPerInvocation 1819160 standardDeviationMircosecondsPerInvocation 18280
4712 totalMilliseconds detect.BadSyntaxForRegularExpression invocations 9948 avgMicrosecondsPerInvocation 473 maxMicrosecondsPerInvocation 1766424 standardDeviationMircosecondsPerInvocation 17735
4708 totalMilliseconds detect.FieldItemSummary invocations 12475 avgMicrosecondsPerInvocation 377 maxMicrosecondsPerInvocation 65774 standardDeviationMircosecondsPerInvocation 1114
4629 totalMilliseconds detect.IntCast2LongAsInstant invocations 9948 avgMicrosecondsPerInvocation 465 maxMicrosecondsPerInvocation 1824666 standardDeviationMircosecondsPerInvocation 18309
4596 totalMilliseconds detect.URLProblems invocations 9948 avgMicrosecondsPerInvocation 462 maxMicrosecondsPerInvocation 94436 standardDeviationMircosecondsPerInvocation 2086
4504 totalMilliseconds detect.ExplicitSerialization invocations 12475 avgMicrosecondsPerInvocation 361 maxMicrosecondsPerInvocation 112262 standardDeviationMircosecondsPerInvocation 1717
4477 totalMilliseconds detect.FindNullDeref$CheckCallSitesAndReturnInstructions invocations 108640 avgMicrosecondsPerInvocation 41 maxMicrosecondsPerInvocation 80498 standardDeviationMircosecondsPerInvocation 527
4322 totalMilliseconds detect.UnreadFields invocations 9948 avgMicrosecondsPerInvocation 434 maxMicrosecondsPerInvocation 51604 standardDeviationMircosecondsPerInvocation 1223
4114 totalMilliseconds detect.FindDeadLocalStores invocations 9895 avgMicrosecondsPerInvocation 415 maxMicrosecondsPerInvocation 1876898 standardDeviationMircosecondsPerInvocation 18939
3754 totalMilliseconds classfile.engine.ClassInfoAnalysisEngine invocations 19135 avgMicrosecondsPerInvocation 196 maxMicrosecondsPerInvocation 122077 standardDeviationMircosecondsPerInvocation 1420
3712 totalMilliseconds detect.MethodReturnCheck invocations 9948 avgMicrosecondsPerInvocation 373 maxMicrosecondsPerInvocation 54587 standardDeviationMircosecondsPerInvocation 1301
3694 totalMilliseconds detect.DumbMethods invocations 9948 avgMicrosecondsPerInvocation 371 maxMicrosecondsPerInvocation 50936 standardDeviationMircosecondsPerInvocation 1266
3585 totalMilliseconds detect.FindSelfComparison invocations 9948 avgMicrosecondsPerInvocation 360 maxMicrosecondsPerInvocation 80794 standardDeviationMircosecondsPerInvocation 1441
3462 totalMilliseconds classfile.engine.bcel.JavaClassAnalysisEngine invocations 38891 avgMicrosecondsPerInvocation 89 maxMicrosecondsPerInvocation 127528 standardDeviationMircosecondsPerInvocation 929
3247 totalMilliseconds detect.FindPuzzlers invocations 9948 avgMicrosecondsPerInvocation 326 maxMicrosecondsPerInvocation 54445 standardDeviationMircosecondsPerInvocation 1084
3212 totalMilliseconds detect.AtomicityProblem invocations 9948 avgMicrosecondsPerInvocation 322 maxMicrosecondsPerInvocation 70121 standardDeviationMircosecondsPerInvocation 1331
3210 totalMilliseconds detect.FindHEmismatch invocations 9948 avgMicrosecondsPerInvocation 322 maxMicrosecondsPerInvocation 58461 standardDeviationMircosecondsPerInvocation 1069
3182 totalMilliseconds detect.InfiniteLoop invocations 9948 avgMicrosecondsPerInvocation 319 maxMicrosecondsPerInvocation 68956 standardDeviationMircosecondsPerInvocation 1251
3125 totalMilliseconds detect.SwitchFallthrough invocations 9948 avgMicrosecondsPerInvocation 314 maxMicrosecondsPerInvocation 30427 standardDeviationMircosecondsPerInvocation 955
