<FindBugsSummary timestamp="Thu, 17 May 2012 18:12:12 -0400"
total_classes="11753" referenced_classes="14711" total_bugs="10175" total_size="886119"
num_packages="905" vm_version="20.6-b01" cpu_seconds="680.49" clock_seconds="441.98"
peak_mbytes="846.47" alloc_mbytes="682.69" gc_seconds="109.26"
priority_2="9893" priority_1="282">

37959 totalMilliseconds ba.npe.NullDerefAndRedundantComparisonFinder invocations 124065 avgMicrosecondsPerInvocation 305 maxMicrosecondsPerInvocation 1249596 standardDeviationMircosecondsPerInvocation 9732
34786 totalMilliseconds classfile.engine.bcel.ValueNumberDataflowFactory invocations 138912 avgMicrosecondsPerInvocation 250 maxMicrosecondsPerInvocation 1361853 standardDeviationMircosecondsPerInvocation 8228
32417 totalMilliseconds classfile.engine.bcel.TypeDataflowFactory invocations 133260 avgMicrosecondsPerInvocation 243 maxMicrosecondsPerInvocation 1002480 standardDeviationMircosecondsPerInvocation 6426
30615 totalMilliseconds classfile.engine.bcel.UnconditionalValueDerefDataflowFactory invocations 124489 avgMicrosecondsPerInvocation 245 maxMicrosecondsPerInvocation 1144422 standardDeviationMircosecondsPerInvocation 6218
28217 totalMilliseconds classfile.engine.bcel.IsNullValueDataflowFactory invocations 124767 avgMicrosecondsPerInvocation 226 maxMicrosecondsPerInvocation 1183081 standardDeviationMircosecondsPerInvocation 6196
18877 totalMilliseconds classfile.engine.ClassDataAnalysisEngine invocations 70936 avgMicrosecondsPerInvocation 266 maxMicrosecondsPerInvocation 1106234 standardDeviationMircosecondsPerInvocation 4219
18673 totalMilliseconds detect.FindRefComparison$SpecialTypeAnalysis invocations 59546 avgMicrosecondsPerInvocation 313 maxMicrosecondsPerInvocation 1386976 standardDeviationMircosecondsPerInvocation 9210
11904 totalMilliseconds classfile.engine.bcel.ConstantDataflowFactory invocations 124767 avgMicrosecondsPerInvocation 95 maxMicrosecondsPerInvocation 992329 standardDeviationMircosecondsPerInvocation 5821
11620 totalMilliseconds classfile.engine.bcel.CFGFactory invocations 124767 avgMicrosecondsPerInvocation 93 maxMicrosecondsPerInvocation 1362135 standardDeviationMircosecondsPerInvocation 4696
6668 totalMilliseconds classfile.engine.bcel.JavaClassAnalysisEngine invocations 50838 avgMicrosecondsPerInvocation 131 maxMicrosecondsPerInvocation 1083244 standardDeviationMircosecondsPerInvocation 7314
6221 totalMilliseconds detect.FindNullDeref$CheckCallSitesAndReturnInstructions invocations 124065 avgMicrosecondsPerInvocation 50 maxMicrosecondsPerInvocation 1038770 standardDeviationMircosecondsPerInvocation 4094
6049 totalMilliseconds detect.DefaultEncodingDetector invocations 11753 avgMicrosecondsPerInvocation 514 maxMicrosecondsPerInvocation 1008169 standardDeviationMircosecondsPerInvocation 12007
5815 totalMilliseconds detect.FindSelfComparison invocations 11753 avgMicrosecondsPerInvocation 494 maxMicrosecondsPerInvocation 1153459 standardDeviationMircosecondsPerInvocation 17076
5104 totalMilliseconds OpcodeStack$JumpInfoFactory invocations 135863 avgMicrosecondsPerInvocation 37 maxMicrosecondsPerInvocation 31094 standardDeviationMircosecondsPerInvocation 197
4818 totalMilliseconds detect.SwitchFallthrough invocations 11753 avgMicrosecondsPerInvocation 409 maxMicrosecondsPerInvocation 943595 standardDeviationMircosecondsPerInvocation 14012
4523 totalMilliseconds detect.UnreadFields invocations 11753 avgMicrosecondsPerInvocation 384 maxMicrosecondsPerInvocation 1098267 standardDeviationMircosecondsPerInvocation 10169
4392 totalMilliseconds classfile.engine.ClassInfoAnalysisEngine invocations 21842 avgMicrosecondsPerInvocation 201 maxMicrosecondsPerInvocation 223430 standardDeviationMircosecondsPerInvocation 1675
4390 totalMilliseconds detect.LoadOfKnownNullValue invocations 11650 avgMicrosecondsPerInvocation 376 maxMicrosecondsPerInvocation 63967 standardDeviationMircosecondsPerInvocation 1590
4292 totalMilliseconds detect.ExplicitSerialization invocations 14711 avgMicrosecondsPerInvocation 291 maxMicrosecondsPerInvocation 630535 standardDeviationMircosecondsPerInvocation 5277
4117 totalMilliseconds detect.FindHEmismatch invocations 11753 avgMicrosecondsPerInvocation 350 maxMicrosecondsPerInvocation 983541 standardDeviationMircosecondsPerInvocation 11724
4054 totalMilliseconds detect.FieldItemSummary invocations 14711 avgMicrosecondsPerInvocation 275 maxMicrosecondsPerInvocation 26736 standardDeviationMircosecondsPerInvocation 871
3788 totalMilliseconds ba.obl.ObligationAnalysis invocations 13545 avgMicrosecondsPerInvocation 279 maxMicrosecondsPerInvocation 30883 standardDeviationMircosecondsPerInvocation 733
3463 totalMilliseconds detect.FindInconsistentSync2 invocations 11753 avgMicrosecondsPerInvocation 294 maxMicrosecondsPerInvocation 932630 standardDeviationMircosecondsPerInvocation 8625
3362 totalMilliseconds detect.FindReturnRef invocations 11753 avgMicrosecondsPerInvocation 286 maxMicrosecondsPerInvocation 882420 standardDeviationMircosecondsPerInvocation 8164
3331 totalMilliseconds ba.npe.TypeQualifierNullnessAnnotationDatabase invocations 2611122 avgMicrosecondsPerInvocation 1 maxMicrosecondsPerInvocation 673532 standardDeviationMircosecondsPerInvocation 418
3325 totalMilliseconds detect.URLProblems invocations 11753 avgMicrosecondsPerInvocation 282 maxMicrosecondsPerInvocation 41980 standardDeviationMircosecondsPerInvocation 1116
3206 totalMilliseconds detect.FindDeadLocalStores invocations 11688 avgMicrosecondsPerInvocation 274 maxMicrosecondsPerInvocation 972800 standardDeviationMircosecondsPerInvocation 9038
3200 totalMilliseconds detect.MethodReturnCheck invocations 11753 avgMicrosecondsPerInvocation 272 maxMicrosecondsPerInvocation 778535 standardDeviationMircosecondsPerInvocation 7214
3109 totalMilliseconds classfile.engine.bcel.MethodGenFactory invocations 135405 avgMicrosecondsPerInvocation 22 maxMicrosecondsPerInvocation 976042 standardDeviationMircosecondsPerInvocation 2662
3058 totalMilliseconds detect.FindNonShortCircuit invocations 11753 avgMicrosecondsPerInvocation 260 maxMicrosecondsPerInvocation 971090 standardDeviationMircosecondsPerInvocation 8986
3019 totalMilliseconds detect.AtomicityProblem invocations 11753 avgMicrosecondsPerInvocation 256 maxMicrosecondsPerInvocation 921164 standardDeviationMircosecondsPerInvocation 8528
2907 totalMilliseconds detect.DumbMethods invocations 11753 avgMicrosecondsPerInvocation 247 maxMicrosecondsPerInvocation 36572 standardDeviationMircosecondsPerInvocation 813
2826 totalMilliseconds detect.RuntimeExceptionCapture invocations 11753 avgMicrosecondsPerInvocation 240 maxMicrosecondsPerInvocation 26435 standardDeviationMircosecondsPerInvocation 777
2800 totalMilliseconds detect.InfiniteRecursiveLoop invocations 11753 avgMicrosecondsPerInvocation 238 maxMicrosecondsPerInvocation 917166 standardDeviationMircosecondsPerInvocation 8470
